\BOOKMARK [0][-]{chapter*.2}{Abbildungsverzeichnis}{}% 1
\BOOKMARK [0][-]{chapter*.3}{Symbolverzeichnis}{}% 2
\BOOKMARK [0][-]{chapter.1}{Theoretische und begriffliche Grundlagen}{}% 3
\BOOKMARK [1][-]{section.1.1}{Theorie der Drehfeldmaschinen}{chapter.1}% 4
\BOOKMARK [1][-]{section.1.2}{Magnetfelder}{chapter.1}% 5
\BOOKMARK [2][-]{subsection.1.2.1}{Strombelag}{section.1.2}% 6
\BOOKMARK [2][-]{subsection.1.2.2}{Mehrphasensysteme}{section.1.2}% 7
\BOOKMARK [1][-]{section.1.3}{Induktivit\344ten}{chapter.1}% 8
\BOOKMARK [1][-]{section.1.4}{Einf\374hrung Synchronmaschine}{chapter.1}% 9
\BOOKMARK [2][-]{subsection.1.4.1}{Spannungsgleichungen und Ersatzschaltbild}{section.1.4}% 10
\BOOKMARK [2][-]{subsection.1.4.2}{Beschreibung der Synchronmaschine im d,q-Koordinatensystem}{section.1.4}% 11
\BOOKMARK [0][-]{chapter.2}{Grundlagen der Vektorregelung}{}% 12
\BOOKMARK [1][-]{section.2.1}{Raumzeigerdarstellung}{chapter.2}% 13
\BOOKMARK [1][-]{section.2.2}{Beschreibung in \205Koordinatensystem}{chapter.2}% 14
\BOOKMARK [1][-]{section.2.3}{Beschreibung in rotorfesten d-q-Koordinatensystem}{chapter.2}% 15
\BOOKMARK [1][-]{section.2.4}{Signalflussplan der Vektorregelung}{chapter.2}% 16
\BOOKMARK [0][-]{chapter.3}{Anforderungsprofil f\374r die Regelung der PMSM mit Simulink}{}% 17
\BOOKMARK [1][-]{section.3.1}{Eingabe und Ausgabedaten}{chapter.3}% 18
\BOOKMARK [1][-]{section.3.2}{Darstellung der Simulationsergebnisse}{chapter.3}% 19
\BOOKMARK [0][-]{chapter.4}{Regelung der PMSM mit Simulink}{}% 20
\BOOKMARK [1][-]{section.4.1}{Einf\374hrung in Simulink}{chapter.4}% 21
\BOOKMARK [1][-]{section.4.2}{Einf\374hrung in die TI-Bibliotheken}{chapter.4}% 22
\BOOKMARK [1][-]{section.4.3}{\334bersicht der Regelstruktur}{chapter.4}% 23
\BOOKMARK [2][-]{subsection.4.3.1}{Subsysteme}{section.4.3}% 24
\BOOKMARK [0][-]{chapter.5}{Auswertung der Simulationsergebnisse}{}% 25
\BOOKMARK [1][-]{section.5.1}{Vergleich der Ergebnisse der TI-Bibliotheken}{chapter.5}% 26
\BOOKMARK [0][-]{chapter.6}{Zusammenfassung}{}% 27
\BOOKMARK [0][-]{chapter*.6}{Literatur}{}% 28
